
*** Running vivado
    with args -log design_1_ila_0_0.vds -m64 -product Vivado -mode batch -messageDb vivado.pb -notrace -source design_1_ila_0_0.tcl



****** Vivado v2023.1 (64-bit)
  **** SW Build 3865809 on Sun May  7 15:05:29 MDT 2023
  **** IP Build 3864474 on Sun May  7 20:36:21 MDT 2023
  **** SharedData Build 3865790 on Sun May 07 13:33:03 MDT 2023
    ** Copyright 1986-2022 Xilinx, Inc. All Rights Reserved.
    ** Copyright 2022-2023 Advanced Micro Devices, Inc. All Rights Reserved.

source design_1_ila_0_0.tcl -notrace
create_project: Time (s): cpu = 00:00:06 ; elapsed = 00:00:06 . Memory (MB): peak = 1461.645 ; gain = 160.352
INFO: [IP_Flow 19-234] Refreshing IP repositories
INFO: [IP_Flow 19-1700] Loaded user IP repository 'e:/Blog/Project/zcu104_ps_pl/ip_repo'.
INFO: [IP_Flow 19-2313] Loaded Vivado IP repository 'D:/software/Xilinx2023/Vivado/2023.1/data/ip'.
INFO: [IP_Flow 19-6924] IPCACHE: Running cache check for IP inst: design_1_ila_0_0
Command: synth_design -top design_1_ila_0_0 -part xczu7ev-ffvc1156-2-e -incremental_mode off -mode out_of_context
Starting synth_design
Attempting to get a license for feature 'Synthesis' and/or device 'xczu7ev'
INFO: [Common 17-349] Got license for feature 'Synthesis' and/or device 'xczu7ev'
INFO: [Device 21-403] Loading part xczu7ev-ffvc1156-2-e
INFO: [Synth 8-7079] Multithreading enabled for synth_design using a maximum of 2 processes.
INFO: [Synth 8-7078] Launching helper process for spawning children vivado processes
INFO: [Synth 8-7075] Helper process launched with PID 36092
INFO: [Synth 8-11241] undeclared symbol 'rddata_rst_i', assumed default net type 'wire' [e:/Blog/Project/zcu104_ps_pl/ps_pl/ps_pl.gen/sources_1/bd/design_1/ipshared/affe/hdl/xsdbm_v3_0_vl_rfs.v:2188]
INFO: [Synth 8-11241] undeclared symbol 'datard_overflow', assumed default net type 'wire' [e:/Blog/Project/zcu104_ps_pl/ps_pl/ps_pl.gen/sources_1/bd/design_1/ipshared/affe/hdl/xsdbm_v3_0_vl_rfs.v:2235]
INFO: [Synth 8-11241] undeclared symbol 'datard_underflow', assumed default net type 'wire' [e:/Blog/Project/zcu104_ps_pl/ps_pl/ps_pl.gen/sources_1/bd/design_1/ipshared/affe/hdl/xsdbm_v3_0_vl_rfs.v:2236]
INFO: [Synth 8-11241] undeclared symbol 'tms_int', assumed default net type 'wire' [e:/Blog/Project/zcu104_ps_pl/ps_pl/ps_pl.gen/sources_1/bd/design_1/ipshared/affe/hdl/xsdbm_v3_0_vl_rfs.v:6379]
INFO: [Synth 8-11241] undeclared symbol 'runtest_int', assumed default net type 'wire' [e:/Blog/Project/zcu104_ps_pl/ps_pl/ps_pl.gen/sources_1/bd/design_1/ipshared/affe/hdl/xsdbm_v3_0_vl_rfs.v:6381]
INFO: [Synth 8-11241] undeclared symbol 'tms_int', assumed default net type 'wire' [e:/Blog/Project/zcu104_ps_pl/ps_pl/ps_pl.gen/sources_1/bd/design_1/ipshared/affe/hdl/xsdbm_v3_0_vl_rfs.v:6412]
INFO: [Synth 8-11241] undeclared symbol 'runtest_int', assumed default net type 'wire' [e:/Blog/Project/zcu104_ps_pl/ps_pl/ps_pl.gen/sources_1/bd/design_1/ipshared/affe/hdl/xsdbm_v3_0_vl_rfs.v:6414]
INFO: [Synth 8-11241] undeclared symbol 'tms_int', assumed default net type 'wire' [e:/Blog/Project/zcu104_ps_pl/ps_pl/ps_pl.gen/sources_1/bd/design_1/ipshared/affe/hdl/xsdbm_v3_0_vl_rfs.v:6447]
INFO: [Synth 8-11241] undeclared symbol 'runtest_int', assumed default net type 'wire' [e:/Blog/Project/zcu104_ps_pl/ps_pl/ps_pl.gen/sources_1/bd/design_1/ipshared/affe/hdl/xsdbm_v3_0_vl_rfs.v:6449]
INFO: [Synth 8-11241] undeclared symbol 'tms_int', assumed default net type 'wire' [e:/Blog/Project/zcu104_ps_pl/ps_pl/ps_pl.gen/sources_1/bd/design_1/ipshared/affe/hdl/verilog/xsdbm_v3_0_0_bs_core_ext.vh:30]
INFO: [Synth 8-11241] undeclared symbol 'runtest_int', assumed default net type 'wire' [e:/Blog/Project/zcu104_ps_pl/ps_pl/ps_pl.gen/sources_1/bd/design_1/ipshared/affe/hdl/verilog/xsdbm_v3_0_0_bs_core_ext.vh:32]
INFO: [Synth 8-11241] undeclared symbol 'tms_int', assumed default net type 'wire' [e:/Blog/Project/zcu104_ps_pl/ps_pl/ps_pl.gen/sources_1/bd/design_1/ipshared/affe/hdl/verilog/xsdbm_v3_0_0_bs_core_ext.vh:69]
INFO: [Synth 8-11241] undeclared symbol 'runtest_int', assumed default net type 'wire' [e:/Blog/Project/zcu104_ps_pl/ps_pl/ps_pl.gen/sources_1/bd/design_1/ipshared/affe/hdl/verilog/xsdbm_v3_0_0_bs_core_ext.vh:71]
INFO: [Synth 8-11241] undeclared symbol 'tms_int', assumed default net type 'wire' [e:/Blog/Project/zcu104_ps_pl/ps_pl/ps_pl.gen/sources_1/bd/design_1/ipshared/affe/hdl/verilog/xsdbm_v3_0_0_bs_core_ext.vh:109]
INFO: [Synth 8-11241] undeclared symbol 'runtest_int', assumed default net type 'wire' [e:/Blog/Project/zcu104_ps_pl/ps_pl/ps_pl.gen/sources_1/bd/design_1/ipshared/affe/hdl/verilog/xsdbm_v3_0_0_bs_core_ext.vh:111]
INFO: [Synth 8-11241] undeclared symbol 'tms_int', assumed default net type 'wire' [e:/Blog/Project/zcu104_ps_pl/ps_pl/ps_pl.gen/sources_1/bd/design_1/ipshared/affe/hdl/verilog/xsdbm_v3_0_0_bs_core_ext.vh:150]
INFO: [Synth 8-11241] undeclared symbol 'runtest_int', assumed default net type 'wire' [e:/Blog/Project/zcu104_ps_pl/ps_pl/ps_pl.gen/sources_1/bd/design_1/ipshared/affe/hdl/verilog/xsdbm_v3_0_0_bs_core_ext.vh:152]
INFO: [Synth 8-11241] undeclared symbol 'tms_int', assumed default net type 'wire' [e:/Blog/Project/zcu104_ps_pl/ps_pl/ps_pl.gen/sources_1/bd/design_1/ipshared/affe/hdl/verilog/xsdbm_v3_0_0_bs_core_ext.vh:192]
INFO: [Synth 8-11241] undeclared symbol 'runtest_int', assumed default net type 'wire' [e:/Blog/Project/zcu104_ps_pl/ps_pl/ps_pl.gen/sources_1/bd/design_1/ipshared/affe/hdl/verilog/xsdbm_v3_0_0_bs_core_ext.vh:194]
INFO: [Synth 8-11241] undeclared symbol 'tms_int', assumed default net type 'wire' [e:/Blog/Project/zcu104_ps_pl/ps_pl/ps_pl.gen/sources_1/bd/design_1/ipshared/affe/hdl/verilog/xsdbm_v3_0_0_bs_core_ext.vh:235]
INFO: [Synth 8-11241] undeclared symbol 'runtest_int', assumed default net type 'wire' [e:/Blog/Project/zcu104_ps_pl/ps_pl/ps_pl.gen/sources_1/bd/design_1/ipshared/affe/hdl/verilog/xsdbm_v3_0_0_bs_core_ext.vh:237]
INFO: [Synth 8-11241] undeclared symbol 'tms_int', assumed default net type 'wire' [e:/Blog/Project/zcu104_ps_pl/ps_pl/ps_pl.gen/sources_1/bd/design_1/ipshared/affe/hdl/verilog/xsdbm_v3_0_0_bs_core_ext.vh:279]
INFO: [Synth 8-11241] undeclared symbol 'runtest_int', assumed default net type 'wire' [e:/Blog/Project/zcu104_ps_pl/ps_pl/ps_pl.gen/sources_1/bd/design_1/ipshared/affe/hdl/verilog/xsdbm_v3_0_0_bs_core_ext.vh:281]
INFO: [Synth 8-11241] undeclared symbol 'tms_int', assumed default net type 'wire' [e:/Blog/Project/zcu104_ps_pl/ps_pl/ps_pl.gen/sources_1/bd/design_1/ipshared/affe/hdl/verilog/xsdbm_v3_0_0_bs_core_ext.vh:324]
INFO: [Synth 8-11241] undeclared symbol 'runtest_int', assumed default net type 'wire' [e:/Blog/Project/zcu104_ps_pl/ps_pl/ps_pl.gen/sources_1/bd/design_1/ipshared/affe/hdl/verilog/xsdbm_v3_0_0_bs_core_ext.vh:326]
INFO: [Synth 8-11241] undeclared symbol 'tms_int', assumed default net type 'wire' [e:/Blog/Project/zcu104_ps_pl/ps_pl/ps_pl.gen/sources_1/bd/design_1/ipshared/affe/hdl/verilog/xsdbm_v3_0_0_bs_core_ext.vh:370]
INFO: [Synth 8-11241] undeclared symbol 'runtest_int', assumed default net type 'wire' [e:/Blog/Project/zcu104_ps_pl/ps_pl/ps_pl.gen/sources_1/bd/design_1/ipshared/affe/hdl/verilog/xsdbm_v3_0_0_bs_core_ext.vh:372]
INFO: [Synth 8-11241] undeclared symbol 'tms_int', assumed default net type 'wire' [e:/Blog/Project/zcu104_ps_pl/ps_pl/ps_pl.gen/sources_1/bd/design_1/ipshared/affe/hdl/verilog/xsdbm_v3_0_0_bs_core_ext.vh:417]
INFO: [Synth 8-11241] undeclared symbol 'runtest_int', assumed default net type 'wire' [e:/Blog/Project/zcu104_ps_pl/ps_pl/ps_pl.gen/sources_1/bd/design_1/ipshared/affe/hdl/verilog/xsdbm_v3_0_0_bs_core_ext.vh:419]
INFO: [Synth 8-11241] undeclared symbol 'tms_int', assumed default net type 'wire' [e:/Blog/Project/zcu104_ps_pl/ps_pl/ps_pl.gen/sources_1/bd/design_1/ipshared/affe/hdl/verilog/xsdbm_v3_0_0_bs_core_ext.vh:465]
INFO: [Synth 8-11241] undeclared symbol 'runtest_int', assumed default net type 'wire' [e:/Blog/Project/zcu104_ps_pl/ps_pl/ps_pl.gen/sources_1/bd/design_1/ipshared/affe/hdl/verilog/xsdbm_v3_0_0_bs_core_ext.vh:467]
INFO: [Synth 8-11241] undeclared symbol 'tms_int', assumed default net type 'wire' [e:/Blog/Project/zcu104_ps_pl/ps_pl/ps_pl.gen/sources_1/bd/design_1/ipshared/affe/hdl/verilog/xsdbm_v3_0_0_bs_core_ext.vh:514]
INFO: [Synth 8-11241] undeclared symbol 'runtest_int', assumed default net type 'wire' [e:/Blog/Project/zcu104_ps_pl/ps_pl/ps_pl.gen/sources_1/bd/design_1/ipshared/affe/hdl/verilog/xsdbm_v3_0_0_bs_core_ext.vh:516]
INFO: [Synth 8-11241] undeclared symbol 'tms_int', assumed default net type 'wire' [e:/Blog/Project/zcu104_ps_pl/ps_pl/ps_pl.gen/sources_1/bd/design_1/ipshared/affe/hdl/verilog/xsdbm_v3_0_0_bs_core_ext.vh:564]
INFO: [Synth 8-11241] undeclared symbol 'runtest_int', assumed default net type 'wire' [e:/Blog/Project/zcu104_ps_pl/ps_pl/ps_pl.gen/sources_1/bd/design_1/ipshared/affe/hdl/verilog/xsdbm_v3_0_0_bs_core_ext.vh:566]
INFO: [Synth 8-11241] undeclared symbol 'tms_int', assumed default net type 'wire' [e:/Blog/Project/zcu104_ps_pl/ps_pl/ps_pl.gen/sources_1/bd/design_1/ipshared/affe/hdl/verilog/xsdbm_v3_0_0_bs_core_ext.vh:615]
INFO: [Synth 8-11241] undeclared symbol 'runtest_int', assumed default net type 'wire' [e:/Blog/Project/zcu104_ps_pl/ps_pl/ps_pl.gen/sources_1/bd/design_1/ipshared/affe/hdl/verilog/xsdbm_v3_0_0_bs_core_ext.vh:617]
INFO: [Synth 8-11241] undeclared symbol 'tms_int', assumed default net type 'wire' [e:/Blog/Project/zcu104_ps_pl/ps_pl/ps_pl.gen/sources_1/bd/design_1/ipshared/affe/hdl/xsdbm_v3_0_vl_rfs.v:6554]
INFO: [Synth 8-11241] undeclared symbol 'runtest_int', assumed default net type 'wire' [e:/Blog/Project/zcu104_ps_pl/ps_pl/ps_pl.gen/sources_1/bd/design_1/ipshared/affe/hdl/xsdbm_v3_0_vl_rfs.v:6556]
INFO: [Synth 8-11241] undeclared symbol 'tms_int', assumed default net type 'wire' [e:/Blog/Project/zcu104_ps_pl/ps_pl/ps_pl.gen/sources_1/bd/design_1/ipshared/affe/hdl/xsdbm_v3_0_vl_rfs.v:6589]
INFO: [Synth 8-11241] undeclared symbol 'runtest_int', assumed default net type 'wire' [e:/Blog/Project/zcu104_ps_pl/ps_pl/ps_pl.gen/sources_1/bd/design_1/ipshared/affe/hdl/xsdbm_v3_0_vl_rfs.v:6591]
INFO: [Synth 8-11241] undeclared symbol 'tms_int', assumed default net type 'wire' [e:/Blog/Project/zcu104_ps_pl/ps_pl/ps_pl.gen/sources_1/bd/design_1/ipshared/affe/hdl/verilog/xsdbm_v3_0_0_bs_core.vh:30]
INFO: [Synth 8-11241] undeclared symbol 'runtest_int', assumed default net type 'wire' [e:/Blog/Project/zcu104_ps_pl/ps_pl/ps_pl.gen/sources_1/bd/design_1/ipshared/affe/hdl/verilog/xsdbm_v3_0_0_bs_core.vh:32]
INFO: [Synth 8-11241] undeclared symbol 'tms_int', assumed default net type 'wire' [e:/Blog/Project/zcu104_ps_pl/ps_pl/ps_pl.gen/sources_1/bd/design_1/ipshared/affe/hdl/verilog/xsdbm_v3_0_0_bs_core.vh:69]
INFO: [Synth 8-11241] undeclared symbol 'runtest_int', assumed default net type 'wire' [e:/Blog/Project/zcu104_ps_pl/ps_pl/ps_pl.gen/sources_1/bd/design_1/ipshared/affe/hdl/verilog/xsdbm_v3_0_0_bs_core.vh:71]
INFO: [Synth 8-11241] undeclared symbol 'tms_int', assumed default net type 'wire' [e:/Blog/Project/zcu104_ps_pl/ps_pl/ps_pl.gen/sources_1/bd/design_1/ipshared/affe/hdl/verilog/xsdbm_v3_0_0_bs_core.vh:109]
INFO: [Synth 8-11241] undeclared symbol 'runtest_int', assumed default net type 'wire' [e:/Blog/Project/zcu104_ps_pl/ps_pl/ps_pl.gen/sources_1/bd/design_1/ipshared/affe/hdl/verilog/xsdbm_v3_0_0_bs_core.vh:111]
INFO: [Synth 8-11241] undeclared symbol 'tms_int', assumed default net type 'wire' [e:/Blog/Project/zcu104_ps_pl/ps_pl/ps_pl.gen/sources_1/bd/design_1/ipshared/affe/hdl/verilog/xsdbm_v3_0_0_bs_core.vh:150]
INFO: [Synth 8-11241] undeclared symbol 'runtest_int', assumed default net type 'wire' [e:/Blog/Project/zcu104_ps_pl/ps_pl/ps_pl.gen/sources_1/bd/design_1/ipshared/affe/hdl/verilog/xsdbm_v3_0_0_bs_core.vh:152]
INFO: [Synth 8-11241] undeclared symbol 'tms_int', assumed default net type 'wire' [e:/Blog/Project/zcu104_ps_pl/ps_pl/ps_pl.gen/sources_1/bd/design_1/ipshared/affe/hdl/verilog/xsdbm_v3_0_0_bs_core.vh:192]
INFO: [Synth 8-11241] undeclared symbol 'runtest_int', assumed default net type 'wire' [e:/Blog/Project/zcu104_ps_pl/ps_pl/ps_pl.gen/sources_1/bd/design_1/ipshared/affe/hdl/verilog/xsdbm_v3_0_0_bs_core.vh:194]
INFO: [Synth 8-11241] undeclared symbol 'tms_int', assumed default net type 'wire' [e:/Blog/Project/zcu104_ps_pl/ps_pl/ps_pl.gen/sources_1/bd/design_1/ipshared/affe/hdl/verilog/xsdbm_v3_0_0_bs_core.vh:235]
INFO: [Synth 8-11241] undeclared symbol 'runtest_int', assumed default net type 'wire' [e:/Blog/Project/zcu104_ps_pl/ps_pl/ps_pl.gen/sources_1/bd/design_1/ipshared/affe/hdl/verilog/xsdbm_v3_0_0_bs_core.vh:237]
INFO: [Synth 8-11241] undeclared symbol 'tms_int', assumed default net type 'wire' [e:/Blog/Project/zcu104_ps_pl/ps_pl/ps_pl.gen/sources_1/bd/design_1/ipshared/affe/hdl/verilog/xsdbm_v3_0_0_bs_core.vh:279]
INFO: [Synth 8-11241] undeclared symbol 'runtest_int', assumed default net type 'wire' [e:/Blog/Project/zcu104_ps_pl/ps_pl/ps_pl.gen/sources_1/bd/design_1/ipshared/affe/hdl/verilog/xsdbm_v3_0_0_bs_core.vh:281]
INFO: [Synth 8-11241] undeclared symbol 'tms_int', assumed default net type 'wire' [e:/Blog/Project/zcu104_ps_pl/ps_pl/ps_pl.gen/sources_1/bd/design_1/ipshared/affe/hdl/verilog/xsdbm_v3_0_0_bs_core.vh:324]
INFO: [Synth 8-11241] undeclared symbol 'runtest_int', assumed default net type 'wire' [e:/Blog/Project/zcu104_ps_pl/ps_pl/ps_pl.gen/sources_1/bd/design_1/ipshared/affe/hdl/verilog/xsdbm_v3_0_0_bs_core.vh:326]
INFO: [Synth 8-11241] undeclared symbol 'tms_int', assumed default net type 'wire' [e:/Blog/Project/zcu104_ps_pl/ps_pl/ps_pl.gen/sources_1/bd/design_1/ipshared/affe/hdl/verilog/xsdbm_v3_0_0_bs_core.vh:370]
INFO: [Synth 8-11241] undeclared symbol 'runtest_int', assumed default net type 'wire' [e:/Blog/Project/zcu104_ps_pl/ps_pl/ps_pl.gen/sources_1/bd/design_1/ipshared/affe/hdl/verilog/xsdbm_v3_0_0_bs_core.vh:372]
INFO: [Synth 8-11241] undeclared symbol 'tms_int', assumed default net type 'wire' [e:/Blog/Project/zcu104_ps_pl/ps_pl/ps_pl.gen/sources_1/bd/design_1/ipshared/affe/hdl/verilog/xsdbm_v3_0_0_bs_core.vh:417]
INFO: [Synth 8-11241] undeclared symbol 'runtest_int', assumed default net type 'wire' [e:/Blog/Project/zcu104_ps_pl/ps_pl/ps_pl.gen/sources_1/bd/design_1/ipshared/affe/hdl/verilog/xsdbm_v3_0_0_bs_core.vh:419]
INFO: [Synth 8-11241] undeclared symbol 'tms_int', assumed default net type 'wire' [e:/Blog/Project/zcu104_ps_pl/ps_pl/ps_pl.gen/sources_1/bd/design_1/ipshared/affe/hdl/verilog/xsdbm_v3_0_0_bs_core.vh:465]
INFO: [Synth 8-11241] undeclared symbol 'runtest_int', assumed default net type 'wire' [e:/Blog/Project/zcu104_ps_pl/ps_pl/ps_pl.gen/sources_1/bd/design_1/ipshared/affe/hdl/verilog/xsdbm_v3_0_0_bs_core.vh:467]
INFO: [Synth 8-11241] undeclared symbol 'tms_int', assumed default net type 'wire' [e:/Blog/Project/zcu104_ps_pl/ps_pl/ps_pl.gen/sources_1/bd/design_1/ipshared/affe/hdl/verilog/xsdbm_v3_0_0_bs_core.vh:514]
INFO: [Synth 8-11241] undeclared symbol 'runtest_int', assumed default net type 'wire' [e:/Blog/Project/zcu104_ps_pl/ps_pl/ps_pl.gen/sources_1/bd/design_1/ipshared/affe/hdl/verilog/xsdbm_v3_0_0_bs_core.vh:516]
INFO: [Synth 8-11241] undeclared symbol 'tms_int', assumed default net type 'wire' [e:/Blog/Project/zcu104_ps_pl/ps_pl/ps_pl.gen/sources_1/bd/design_1/ipshared/affe/hdl/verilog/xsdbm_v3_0_0_bs_core.vh:564]
INFO: [Synth 8-11241] undeclared symbol 'runtest_int', assumed default net type 'wire' [e:/Blog/Project/zcu104_ps_pl/ps_pl/ps_pl.gen/sources_1/bd/design_1/ipshared/affe/hdl/verilog/xsdbm_v3_0_0_bs_core.vh:566]
INFO: [Synth 8-11241] undeclared symbol 'tms_int', assumed default net type 'wire' [e:/Blog/Project/zcu104_ps_pl/ps_pl/ps_pl.gen/sources_1/bd/design_1/ipshared/affe/hdl/verilog/xsdbm_v3_0_0_bs_core.vh:615]
INFO: [Synth 8-11241] undeclared symbol 'runtest_int', assumed default net type 'wire' [e:/Blog/Project/zcu104_ps_pl/ps_pl/ps_pl.gen/sources_1/bd/design_1/ipshared/affe/hdl/verilog/xsdbm_v3_0_0_bs_core.vh:617]
INFO: [Synth 8-11241] undeclared symbol 'tms_int', assumed default net type 'wire' [e:/Blog/Project/zcu104_ps_pl/ps_pl/ps_pl.gen/sources_1/bd/design_1/ipshared/affe/hdl/xsdbm_v3_0_vl_rfs.v:10347]
INFO: [Synth 8-11241] undeclared symbol 'runtest_int', assumed default net type 'wire' [e:/Blog/Project/zcu104_ps_pl/ps_pl/ps_pl.gen/sources_1/bd/design_1/ipshared/affe/hdl/xsdbm_v3_0_vl_rfs.v:10349]
INFO: [Synth 8-11241] undeclared symbol 'tms_int', assumed default net type 'wire' [e:/Blog/Project/zcu104_ps_pl/ps_pl/ps_pl.gen/sources_1/bd/design_1/ipshared/affe/hdl/xsdbm_v3_0_vl_rfs.v:10380]
INFO: [Synth 8-11241] undeclared symbol 'runtest_int', assumed default net type 'wire' [e:/Blog/Project/zcu104_ps_pl/ps_pl/ps_pl.gen/sources_1/bd/design_1/ipshared/affe/hdl/xsdbm_v3_0_vl_rfs.v:10382]
INFO: [Synth 8-11241] undeclared symbol 'tms_int', assumed default net type 'wire' [e:/Blog/Project/zcu104_ps_pl/ps_pl/ps_pl.gen/sources_1/bd/design_1/ipshared/affe/hdl/xsdbm_v3_0_vl_rfs.v:10413]
INFO: [Synth 8-11241] undeclared symbol 'runtest_int', assumed default net type 'wire' [e:/Blog/Project/zcu104_ps_pl/ps_pl/ps_pl.gen/sources_1/bd/design_1/ipshared/affe/hdl/xsdbm_v3_0_vl_rfs.v:10415]
INFO: [Synth 8-11241] undeclared symbol 'tms_int', assumed default net type 'wire' [e:/Blog/Project/zcu104_ps_pl/ps_pl/ps_pl.gen/sources_1/bd/design_1/ipshared/affe/hdl/verilog/xsdbm_v3_0_0_bs_core_vec.vh:30]
INFO: [Synth 8-11241] undeclared symbol 'runtest_int', assumed default net type 'wire' [e:/Blog/Project/zcu104_ps_pl/ps_pl/ps_pl.gen/sources_1/bd/design_1/ipshared/affe/hdl/verilog/xsdbm_v3_0_0_bs_core_vec.vh:32]
INFO: [Synth 8-11241] undeclared symbol 'tms_int', assumed default net type 'wire' [e:/Blog/Project/zcu104_ps_pl/ps_pl/ps_pl.gen/sources_1/bd/design_1/ipshared/affe/hdl/verilog/xsdbm_v3_0_0_bs_core_vec.vh:65]
INFO: [Synth 8-11241] undeclared symbol 'runtest_int', assumed default net type 'wire' [e:/Blog/Project/zcu104_ps_pl/ps_pl/ps_pl.gen/sources_1/bd/design_1/ipshared/affe/hdl/verilog/xsdbm_v3_0_0_bs_core_vec.vh:67]
INFO: [Synth 8-11241] undeclared symbol 'tms_int', assumed default net type 'wire' [e:/Blog/Project/zcu104_ps_pl/ps_pl/ps_pl.gen/sources_1/bd/design_1/ipshared/affe/hdl/verilog/xsdbm_v3_0_0_bs_core_vec.vh:100]
INFO: [Synth 8-11241] undeclared symbol 'runtest_int', assumed default net type 'wire' [e:/Blog/Project/zcu104_ps_pl/ps_pl/ps_pl.gen/sources_1/bd/design_1/ipshared/affe/hdl/verilog/xsdbm_v3_0_0_bs_core_vec.vh:102]
INFO: [Synth 8-11241] undeclared symbol 'tms_int', assumed default net type 'wire' [e:/Blog/Project/zcu104_ps_pl/ps_pl/ps_pl.gen/sources_1/bd/design_1/ipshared/affe/hdl/verilog/xsdbm_v3_0_0_bs_core_vec.vh:135]
INFO: [Synth 8-11241] undeclared symbol 'runtest_int', assumed default net type 'wire' [e:/Blog/Project/zcu104_ps_pl/ps_pl/ps_pl.gen/sources_1/bd/design_1/ipshared/affe/hdl/verilog/xsdbm_v3_0_0_bs_core_vec.vh:137]
INFO: [Synth 8-11241] undeclared symbol 'tms_int', assumed default net type 'wire' [e:/Blog/Project/zcu104_ps_pl/ps_pl/ps_pl.gen/sources_1/bd/design_1/ipshared/affe/hdl/verilog/xsdbm_v3_0_0_bs_core_vec.vh:170]
INFO: [Synth 8-11241] undeclared symbol 'runtest_int', assumed default net type 'wire' [e:/Blog/Project/zcu104_ps_pl/ps_pl/ps_pl.gen/sources_1/bd/design_1/ipshared/affe/hdl/verilog/xsdbm_v3_0_0_bs_core_vec.vh:172]
INFO: [Synth 8-11241] undeclared symbol 'tms_int', assumed default net type 'wire' [e:/Blog/Project/zcu104_ps_pl/ps_pl/ps_pl.gen/sources_1/bd/design_1/ipshared/affe/hdl/verilog/xsdbm_v3_0_0_bs_core_vec.vh:205]
INFO: [Synth 8-11241] undeclared symbol 'runtest_int', assumed default net type 'wire' [e:/Blog/Project/zcu104_ps_pl/ps_pl/ps_pl.gen/sources_1/bd/design_1/ipshared/affe/hdl/verilog/xsdbm_v3_0_0_bs_core_vec.vh:207]
INFO: [Synth 8-11241] undeclared symbol 'tms_int', assumed default net type 'wire' [e:/Blog/Project/zcu104_ps_pl/ps_pl/ps_pl.gen/sources_1/bd/design_1/ipshared/affe/hdl/verilog/xsdbm_v3_0_0_bs_core_vec.vh:240]
INFO: [Synth 8-11241] undeclared symbol 'runtest_int', assumed default net type 'wire' [e:/Blog/Project/zcu104_ps_pl/ps_pl/ps_pl.gen/sources_1/bd/design_1/ipshared/affe/hdl/verilog/xsdbm_v3_0_0_bs_core_vec.vh:242]
INFO: [Synth 8-11241] undeclared symbol 'tms_int', assumed default net type 'wire' [e:/Blog/Project/zcu104_ps_pl/ps_pl/ps_pl.gen/sources_1/bd/design_1/ipshared/affe/hdl/verilog/xsdbm_v3_0_0_bs_core_vec.vh:275]
INFO: [Synth 8-11241] undeclared symbol 'runtest_int', assumed default net type 'wire' [e:/Blog/Project/zcu104_ps_pl/ps_pl/ps_pl.gen/sources_1/bd/design_1/ipshared/affe/hdl/verilog/xsdbm_v3_0_0_bs_core_vec.vh:277]
INFO: [Synth 8-11241] undeclared symbol 'tms_int', assumed default net type 'wire' [e:/Blog/Project/zcu104_ps_pl/ps_pl/ps_pl.gen/sources_1/bd/design_1/ipshared/affe/hdl/verilog/xsdbm_v3_0_0_bs_core_vec.vh:310]
INFO: [Synth 8-11241] undeclared symbol 'runtest_int', assumed default net type 'wire' [e:/Blog/Project/zcu104_ps_pl/ps_pl/ps_pl.gen/sources_1/bd/design_1/ipshared/affe/hdl/verilog/xsdbm_v3_0_0_bs_core_vec.vh:312]
INFO: [Synth 8-11241] undeclared symbol 'tms_int', assumed default net type 'wire' [e:/Blog/Project/zcu104_ps_pl/ps_pl/ps_pl.gen/sources_1/bd/design_1/ipshared/affe/hdl/verilog/xsdbm_v3_0_0_bs_core_vec.vh:345]
INFO: [Synth 8-11241] undeclared symbol 'runtest_int', assumed default net type 'wire' [e:/Blog/Project/zcu104_ps_pl/ps_pl/ps_pl.gen/sources_1/bd/design_1/ipshared/affe/hdl/verilog/xsdbm_v3_0_0_bs_core_vec.vh:347]
INFO: [Synth 8-11241] undeclared symbol 'tms_int', assumed default net type 'wire' [e:/Blog/Project/zcu104_ps_pl/ps_pl/ps_pl.gen/sources_1/bd/design_1/ipshared/affe/hdl/verilog/xsdbm_v3_0_0_bs_core_vec.vh:380]
INFO: [Synth 8-11241] undeclared symbol 'runtest_int', assumed default net type 'wire' [e:/Blog/Project/zcu104_ps_pl/ps_pl/ps_pl.gen/sources_1/bd/design_1/ipshared/affe/hdl/verilog/xsdbm_v3_0_0_bs_core_vec.vh:382]
INFO: [Synth 8-11241] undeclared symbol 'tms_int', assumed default net type 'wire' [e:/Blog/Project/zcu104_ps_pl/ps_pl/ps_pl.gen/sources_1/bd/design_1/ipshared/affe/hdl/verilog/xsdbm_v3_0_0_bs_core_vec.vh:415]
INFO: [Synth 8-11241] undeclared symbol 'runtest_int', assumed default net type 'wire' [e:/Blog/Project/zcu104_ps_pl/ps_pl/ps_pl.gen/sources_1/bd/design_1/ipshared/affe/hdl/verilog/xsdbm_v3_0_0_bs_core_vec.vh:417]
INFO: [Synth 8-11241] undeclared symbol 'tms_int', assumed default net type 'wire' [e:/Blog/Project/zcu104_ps_pl/ps_pl/ps_pl.gen/sources_1/bd/design_1/ipshared/affe/hdl/verilog/xsdbm_v3_0_0_bs_core_vec.vh:450]
INFO: [Common 17-14] Message 'Synth 8-11241' appears 100 times and further instances of the messages will be disabled. Use the Tcl command set_msg_config to change the current settings.
WARNING: [Synth 8-10294] parameter declaration is not allowed here in this mode of Verilog [e:/Blog/Project/zcu104_ps_pl/ps_pl/ps_pl.gen/sources_1/bd/design_1/ipshared/20d0/hdl/ila_v6_2_syn_rfs.v:4527]
WARNING: [Synth 8-10294] parameter declaration is not allowed here in this mode of Verilog [e:/Blog/Project/zcu104_ps_pl/ps_pl/ps_pl.gen/sources_1/bd/design_1/ipshared/20d0/hdl/ila_v6_2_syn_rfs.v:4528]
WARNING: [Synth 8-10294] parameter declaration is not allowed here in this mode of Verilog [e:/Blog/Project/zcu104_ps_pl/ps_pl/ps_pl.gen/sources_1/bd/design_1/ipshared/20d0/hdl/ila_v6_2_syn_rfs.v:4529]
WARNING: [Synth 8-10294] parameter declaration is not allowed here in this mode of Verilog [e:/Blog/Project/zcu104_ps_pl/ps_pl/ps_pl.gen/sources_1/bd/design_1/ipshared/20d0/hdl/ila_v6_2_syn_rfs.v:4530]
WARNING: [Synth 8-10294] parameter declaration is not allowed here in this mode of Verilog [e:/Blog/Project/zcu104_ps_pl/ps_pl/ps_pl.gen/sources_1/bd/design_1/ipshared/20d0/hdl/ila_v6_2_syn_rfs.v:4531]
WARNING: [Synth 8-10294] parameter declaration is not allowed here in this mode of Verilog [e:/Blog/Project/zcu104_ps_pl/ps_pl/ps_pl.gen/sources_1/bd/design_1/ipshared/20d0/hdl/ila_v6_2_syn_rfs.v:4532]
WARNING: [Synth 8-10294] parameter declaration is not allowed here in this mode of Verilog [e:/Blog/Project/zcu104_ps_pl/ps_pl/ps_pl.gen/sources_1/bd/design_1/ipshared/20d0/hdl/ila_v6_2_syn_rfs.v:4586]
WARNING: [Synth 8-10294] parameter declaration is not allowed here in this mode of Verilog [e:/Blog/Project/zcu104_ps_pl/ps_pl/ps_pl.gen/sources_1/bd/design_1/ipshared/20d0/hdl/ila_v6_2_syn_rfs.v:4587]
WARNING: [Synth 8-10294] parameter declaration is not allowed here in this mode of Verilog [e:/Blog/Project/zcu104_ps_pl/ps_pl/ps_pl.gen/sources_1/bd/design_1/ipshared/20d0/hdl/ila_v6_2_syn_rfs.v:4588]
WARNING: [Synth 8-10294] parameter declaration is not allowed here in this mode of Verilog [e:/Blog/Project/zcu104_ps_pl/ps_pl/ps_pl.gen/sources_1/bd/design_1/ipshared/20d0/hdl/ila_v6_2_syn_rfs.v:5486]
---------------------------------------------------------------------------------
Starting RTL Elaboration : Time (s): cpu = 00:00:13 ; elapsed = 00:00:13 . Memory (MB): peak = 3020.215 ; gain = 359.453
---------------------------------------------------------------------------------
INFO: [Synth 8-6157] synthesizing module 'design_1_ila_0_0' [e:/Blog/Project/zcu104_ps_pl/ps_pl/ps_pl.gen/sources_1/bd/design_1/ip/design_1_ila_0_0/synth/design_1_ila_0_0.v:48]
INFO: [Synth 8-6157] synthesizing module 'CFGLUT5' [D:/software/Xilinx2023/Vivado/2023.1/scripts/rt/data/unisim_comp.v:1971]
INFO: [Synth 8-6155] done synthesizing module 'CFGLUT5' (0#1) [D:/software/Xilinx2023/Vivado/2023.1/scripts/rt/data/unisim_comp.v:1971]
INFO: [Synth 8-6157] synthesizing module 'CARRY4' [D:/software/Xilinx2023/Vivado/2023.1/scripts/rt/data/unisim_comp.v:1934]
INFO: [Synth 8-6155] done synthesizing module 'CARRY4' (0#1) [D:/software/Xilinx2023/Vivado/2023.1/scripts/rt/data/unisim_comp.v:1934]
INFO: [Synth 8-6157] synthesizing module 'SRLC32E' [D:/software/Xilinx2023/Vivado/2023.1/scripts/rt/data/unisim_comp.v:132323]
INFO: [Synth 8-6155] done synthesizing module 'SRLC32E' (0#1) [D:/software/Xilinx2023/Vivado/2023.1/scripts/rt/data/unisim_comp.v:132323]
INFO: [Synth 8-6157] synthesizing module 'SRL16E' [D:/software/Xilinx2023/Vivado/2023.1/scripts/rt/data/unisim_comp.v:132173]
INFO: [Synth 8-6155] done synthesizing module 'SRL16E' (0#1) [D:/software/Xilinx2023/Vivado/2023.1/scripts/rt/data/unisim_comp.v:132173]
INFO: [Synth 8-6157] synthesizing module 'SRLC16E' [D:/software/Xilinx2023/Vivado/2023.1/scripts/rt/data/unisim_comp.v:132262]
INFO: [Synth 8-6155] done synthesizing module 'SRLC16E' (0#1) [D:/software/Xilinx2023/Vivado/2023.1/scripts/rt/data/unisim_comp.v:132262]
INFO: [Synth 8-6157] synthesizing module 'FDRE' [D:/software/Xilinx2023/Vivado/2023.1/scripts/rt/data/unisim_comp.v:39148]
INFO: [Synth 8-6155] done synthesizing module 'FDRE' (0#1) [D:/software/Xilinx2023/Vivado/2023.1/scripts/rt/data/unisim_comp.v:39148]
WARNING: [Synth 8-7071] port 'clk_nobuf' of module 'ila_v6_2_13_ila' is unconnected for instance 'inst' [e:/Blog/Project/zcu104_ps_pl/ps_pl/ps_pl.gen/sources_1/bd/design_1/ip/design_1_ila_0_0/synth/design_1_ila_0_0.v:3237]
WARNING: [Synth 8-7071] port 'clkdiv_out' of module 'ila_v6_2_13_ila' is unconnected for instance 'inst' [e:/Blog/Project/zcu104_ps_pl/ps_pl/ps_pl.gen/sources_1/bd/design_1/ip/design_1_ila_0_0/synth/design_1_ila_0_0.v:3237]
WARNING: [Synth 8-7071] port 'trig_in' of module 'ila_v6_2_13_ila' is unconnected for instance 'inst' [e:/Blog/Project/zcu104_ps_pl/ps_pl/ps_pl.gen/sources_1/bd/design_1/ip/design_1_ila_0_0/synth/design_1_ila_0_0.v:3237]
WARNING: [Synth 8-7071] port 'trig_in_ack' of module 'ila_v6_2_13_ila' is unconnected for instance 'inst' [e:/Blog/Project/zcu104_ps_pl/ps_pl/ps_pl.gen/sources_1/bd/design_1/ip/design_1_ila_0_0/synth/design_1_ila_0_0.v:3237]
WARNING: [Synth 8-7071] port 'trig_out' of module 'ila_v6_2_13_ila' is unconnected for instance 'inst' [e:/Blog/Project/zcu104_ps_pl/ps_pl/ps_pl.gen/sources_1/bd/design_1/ip/design_1_ila_0_0/synth/design_1_ila_0_0.v:3237]
WARNING: [Synth 8-7071] port 'trig_out_ack' of module 'ila_v6_2_13_ila' is unconnected for instance 'inst' [e:/Blog/Project/zcu104_ps_pl/ps_pl/ps_pl.gen/sources_1/bd/design_1/ip/design_1_ila_0_0/synth/design_1_ila_0_0.v:3237]
WARNING: [Synth 8-7023] instance 'inst' of module 'ila_v6_2_13_ila' has 1033 connections declared, but only 1027 given [e:/Blog/Project/zcu104_ps_pl/ps_pl/ps_pl.gen/sources_1/bd/design_1/ip/design_1_ila_0_0/synth/design_1_ila_0_0.v:3237]
INFO: [Synth 8-6155] done synthesizing module 'design_1_ila_0_0' (0#1) [e:/Blog/Project/zcu104_ps_pl/ps_pl/ps_pl.gen/sources_1/bd/design_1/ip/design_1_ila_0_0/synth/design_1_ila_0_0.v:48]
WARNING: [Synth 8-3848] Net sl_iport0 in module/entity design_1_ila_0_0 does not have driver. [e:/Blog/Project/zcu104_ps_pl/ps_pl/ps_pl.gen/sources_1/bd/design_1/ip/design_1_ila_0_0/synth/design_1_ila_0_0.v:126]
WARNING: [Synth 8-7129] Port CLKB in module blk_mem_gen_v8_4_6_blk_mem_output_block is either unconnected or has no load
WARNING: [Synth 8-7129] Port DOUTA_I[150] in module blk_mem_gen_v8_4_6_blk_mem_output_block is either unconnected or has no load
WARNING: [Synth 8-7129] Port DOUTA_I[149] in module blk_mem_gen_v8_4_6_blk_mem_output_block is either unconnected or has no load
WARNING: [Synth 8-7129] Port DOUTA_I[148] in module blk_mem_gen_v8_4_6_blk_mem_output_block is either unconnected or has no load
WARNING: [Synth 8-7129] Port DOUTA_I[147] in module blk_mem_gen_v8_4_6_blk_mem_output_block is either unconnected or has no load
WARNING: [Synth 8-7129] Port DOUTA_I[146] in module blk_mem_gen_v8_4_6_blk_mem_output_block is either unconnected or has no load
WARNING: [Synth 8-7129] Port DOUTA_I[145] in module blk_mem_gen_v8_4_6_blk_mem_output_block is either unconnected or has no load
WARNING: [Synth 8-7129] Port DOUTA_I[144] in module blk_mem_gen_v8_4_6_blk_mem_output_block is either unconnected or has no load
WARNING: [Synth 8-7129] Port DOUTA_I[143] in module blk_mem_gen_v8_4_6_blk_mem_output_block is either unconnected or has no load
WARNING: [Synth 8-7129] Port DOUTA_I[142] in module blk_mem_gen_v8_4_6_blk_mem_output_block is either unconnected or has no load
WARNING: [Synth 8-7129] Port DOUTA_I[141] in module blk_mem_gen_v8_4_6_blk_mem_output_block is either unconnected or has no load
WARNING: [Synth 8-7129] Port DOUTA_I[140] in module blk_mem_gen_v8_4_6_blk_mem_output_block is either unconnected or has no load
WARNING: [Synth 8-7129] Port DOUTA_I[139] in module blk_mem_gen_v8_4_6_blk_mem_output_block is either unconnected or has no load
WARNING: [Synth 8-7129] Port DOUTA_I[138] in module blk_mem_gen_v8_4_6_blk_mem_output_block is either unconnected or has no load
WARNING: [Synth 8-7129] Port DOUTA_I[137] in module blk_mem_gen_v8_4_6_blk_mem_output_block is either unconnected or has no load
WARNING: [Synth 8-7129] Port DOUTA_I[136] in module blk_mem_gen_v8_4_6_blk_mem_output_block is either unconnected or has no load
WARNING: [Synth 8-7129] Port DOUTA_I[135] in module blk_mem_gen_v8_4_6_blk_mem_output_block is either unconnected or has no load
WARNING: [Synth 8-7129] Port DOUTA_I[134] in module blk_mem_gen_v8_4_6_blk_mem_output_block is either unconnected or has no load
WARNING: [Synth 8-7129] Port DOUTA_I[133] in module blk_mem_gen_v8_4_6_blk_mem_output_block is either unconnected or has no load
WARNING: [Synth 8-7129] Port DOUTA_I[132] in module blk_mem_gen_v8_4_6_blk_mem_output_block is either unconnected or has no load
WARNING: [Synth 8-7129] Port DOUTA_I[131] in module blk_mem_gen_v8_4_6_blk_mem_output_block is either unconnected or has no load
WARNING: [Synth 8-7129] Port DOUTA_I[130] in module blk_mem_gen_v8_4_6_blk_mem_output_block is either unconnected or has no load
WARNING: [Synth 8-7129] Port DOUTA_I[129] in module blk_mem_gen_v8_4_6_blk_mem_output_block is either unconnected or has no load
WARNING: [Synth 8-7129] Port DOUTA_I[128] in module blk_mem_gen_v8_4_6_blk_mem_output_block is either unconnected or has no load
WARNING: [Synth 8-7129] Port DOUTA_I[127] in module blk_mem_gen_v8_4_6_blk_mem_output_block is either unconnected or has no load
WARNING: [Synth 8-7129] Port DOUTA_I[126] in module blk_mem_gen_v8_4_6_blk_mem_output_block is either unconnected or has no load
WARNING: [Synth 8-7129] Port DOUTA_I[125] in module blk_mem_gen_v8_4_6_blk_mem_output_block is either unconnected or has no load
WARNING: [Synth 8-7129] Port DOUTA_I[124] in module blk_mem_gen_v8_4_6_blk_mem_output_block is either unconnected or has no load
WARNING: [Synth 8-7129] Port DOUTA_I[123] in module blk_mem_gen_v8_4_6_blk_mem_output_block is either unconnected or has no load
WARNING: [Synth 8-7129] Port DOUTA_I[122] in module blk_mem_gen_v8_4_6_blk_mem_output_block is either unconnected or has no load
WARNING: [Synth 8-7129] Port DOUTA_I[121] in module blk_mem_gen_v8_4_6_blk_mem_output_block is either unconnected or has no load
WARNING: [Synth 8-7129] Port DOUTA_I[120] in module blk_mem_gen_v8_4_6_blk_mem_output_block is either unconnected or has no load
WARNING: [Synth 8-7129] Port DOUTA_I[119] in module blk_mem_gen_v8_4_6_blk_mem_output_block is either unconnected or has no load
WARNING: [Synth 8-7129] Port DOUTA_I[118] in module blk_mem_gen_v8_4_6_blk_mem_output_block is either unconnected or has no load
WARNING: [Synth 8-7129] Port DOUTA_I[117] in module blk_mem_gen_v8_4_6_blk_mem_output_block is either unconnected or has no load
WARNING: [Synth 8-7129] Port DOUTA_I[116] in module blk_mem_gen_v8_4_6_blk_mem_output_block is either unconnected or has no load
WARNING: [Synth 8-7129] Port DOUTA_I[115] in module blk_mem_gen_v8_4_6_blk_mem_output_block is either unconnected or has no load
WARNING: [Synth 8-7129] Port DOUTA_I[114] in module blk_mem_gen_v8_4_6_blk_mem_output_block is either unconnected or has no load
WARNING: [Synth 8-7129] Port DOUTA_I[113] in module blk_mem_gen_v8_4_6_blk_mem_output_block is either unconnected or has no load
WARNING: [Synth 8-7129] Port DOUTA_I[112] in module blk_mem_gen_v8_4_6_blk_mem_output_block is either unconnected or has no load
WARNING: [Synth 8-7129] Port DOUTA_I[111] in module blk_mem_gen_v8_4_6_blk_mem_output_block is either unconnected or has no load
WARNING: [Synth 8-7129] Port DOUTA_I[110] in module blk_mem_gen_v8_4_6_blk_mem_output_block is either unconnected or has no load
WARNING: [Synth 8-7129] Port DOUTA_I[109] in module blk_mem_gen_v8_4_6_blk_mem_output_block is either unconnected or has no load
WARNING: [Synth 8-7129] Port DOUTA_I[108] in module blk_mem_gen_v8_4_6_blk_mem_output_block is either unconnected or has no load
WARNING: [Synth 8-7129] Port DOUTA_I[107] in module blk_mem_gen_v8_4_6_blk_mem_output_block is either unconnected or has no load
WARNING: [Synth 8-7129] Port DOUTA_I[106] in module blk_mem_gen_v8_4_6_blk_mem_output_block is either unconnected or has no load
WARNING: [Synth 8-7129] Port DOUTA_I[105] in module blk_mem_gen_v8_4_6_blk_mem_output_block is either unconnected or has no load
WARNING: [Synth 8-7129] Port DOUTA_I[104] in module blk_mem_gen_v8_4_6_blk_mem_output_block is either unconnected or has no load
WARNING: [Synth 8-7129] Port DOUTA_I[103] in module blk_mem_gen_v8_4_6_blk_mem_output_block is either unconnected or has no load
WARNING: [Synth 8-7129] Port DOUTA_I[102] in module blk_mem_gen_v8_4_6_blk_mem_output_block is either unconnected or has no load
WARNING: [Synth 8-7129] Port DOUTA_I[101] in module blk_mem_gen_v8_4_6_blk_mem_output_block is either unconnected or has no load
WARNING: [Synth 8-7129] Port DOUTA_I[100] in module blk_mem_gen_v8_4_6_blk_mem_output_block is either unconnected or has no load
WARNING: [Synth 8-7129] Port DOUTA_I[99] in module blk_mem_gen_v8_4_6_blk_mem_output_block is either unconnected or has no load
WARNING: [Synth 8-7129] Port DOUTA_I[98] in module blk_mem_gen_v8_4_6_blk_mem_output_block is either unconnected or has no load
WARNING: [Synth 8-7129] Port DOUTA_I[97] in module blk_mem_gen_v8_4_6_blk_mem_output_block is either unconnected or has no load
WARNING: [Synth 8-7129] Port DOUTA_I[96] in module blk_mem_gen_v8_4_6_blk_mem_output_block is either unconnected or has no load
WARNING: [Synth 8-7129] Port DOUTA_I[95] in module blk_mem_gen_v8_4_6_blk_mem_output_block is either unconnected or has no load
WARNING: [Synth 8-7129] Port DOUTA_I[94] in module blk_mem_gen_v8_4_6_blk_mem_output_block is either unconnected or has no load
WARNING: [Synth 8-7129] Port DOUTA_I[93] in module blk_mem_gen_v8_4_6_blk_mem_output_block is either unconnected or has no load
WARNING: [Synth 8-7129] Port DOUTA_I[92] in module blk_mem_gen_v8_4_6_blk_mem_output_block is either unconnected or has no load
WARNING: [Synth 8-7129] Port DOUTA_I[91] in module blk_mem_gen_v8_4_6_blk_mem_output_block is either unconnected or has no load
WARNING: [Synth 8-7129] Port DOUTA_I[90] in module blk_mem_gen_v8_4_6_blk_mem_output_block is either unconnected or has no load
WARNING: [Synth 8-7129] Port DOUTA_I[89] in module blk_mem_gen_v8_4_6_blk_mem_output_block is either unconnected or has no load
WARNING: [Synth 8-7129] Port DOUTA_I[88] in module blk_mem_gen_v8_4_6_blk_mem_output_block is either unconnected or has no load
WARNING: [Synth 8-7129] Port DOUTA_I[87] in module blk_mem_gen_v8_4_6_blk_mem_output_block is either unconnected or has no load
WARNING: [Synth 8-7129] Port DOUTA_I[86] in module blk_mem_gen_v8_4_6_blk_mem_output_block is either unconnected or has no load
WARNING: [Synth 8-7129] Port DOUTA_I[85] in module blk_mem_gen_v8_4_6_blk_mem_output_block is either unconnected or has no load
WARNING: [Synth 8-7129] Port DOUTA_I[84] in module blk_mem_gen_v8_4_6_blk_mem_output_block is either unconnected or has no load
WARNING: [Synth 8-7129] Port DOUTA_I[83] in module blk_mem_gen_v8_4_6_blk_mem_output_block is either unconnected or has no load
WARNING: [Synth 8-7129] Port DOUTA_I[82] in module blk_mem_gen_v8_4_6_blk_mem_output_block is either unconnected or has no load
WARNING: [Synth 8-7129] Port DOUTA_I[81] in module blk_mem_gen_v8_4_6_blk_mem_output_block is either unconnected or has no load
WARNING: [Synth 8-7129] Port DOUTA_I[80] in module blk_mem_gen_v8_4_6_blk_mem_output_block is either unconnected or has no load
WARNING: [Synth 8-7129] Port DOUTA_I[79] in module blk_mem_gen_v8_4_6_blk_mem_output_block is either unconnected or has no load
WARNING: [Synth 8-7129] Port DOUTA_I[78] in module blk_mem_gen_v8_4_6_blk_mem_output_block is either unconnected or has no load
WARNING: [Synth 8-7129] Port DOUTA_I[77] in module blk_mem_gen_v8_4_6_blk_mem_output_block is either unconnected or has no load
WARNING: [Synth 8-7129] Port DOUTA_I[76] in module blk_mem_gen_v8_4_6_blk_mem_output_block is either unconnected or has no load
WARNING: [Synth 8-7129] Port DOUTA_I[75] in module blk_mem_gen_v8_4_6_blk_mem_output_block is either unconnected or has no load
WARNING: [Synth 8-7129] Port DOUTA_I[74] in module blk_mem_gen_v8_4_6_blk_mem_output_block is either unconnected or has no load
WARNING: [Synth 8-7129] Port DOUTA_I[73] in module blk_mem_gen_v8_4_6_blk_mem_output_block is either unconnected or has no load
WARNING: [Synth 8-7129] Port DOUTA_I[72] in module blk_mem_gen_v8_4_6_blk_mem_output_block is either unconnected or has no load
WARNING: [Synth 8-7129] Port DOUTA_I[71] in module blk_mem_gen_v8_4_6_blk_mem_output_block is either unconnected or has no load
WARNING: [Synth 8-7129] Port DOUTA_I[70] in module blk_mem_gen_v8_4_6_blk_mem_output_block is either unconnected or has no load
WARNING: [Synth 8-7129] Port DOUTA_I[69] in module blk_mem_gen_v8_4_6_blk_mem_output_block is either unconnected or has no load
WARNING: [Synth 8-7129] Port DOUTA_I[68] in module blk_mem_gen_v8_4_6_blk_mem_output_block is either unconnected or has no load
WARNING: [Synth 8-7129] Port DOUTA_I[67] in module blk_mem_gen_v8_4_6_blk_mem_output_block is either unconnected or has no load
WARNING: [Synth 8-7129] Port DOUTA_I[66] in module blk_mem_gen_v8_4_6_blk_mem_output_block is either unconnected or has no load
WARNING: [Synth 8-7129] Port DOUTA_I[65] in module blk_mem_gen_v8_4_6_blk_mem_output_block is either unconnected or has no load
WARNING: [Synth 8-7129] Port DOUTA_I[64] in module blk_mem_gen_v8_4_6_blk_mem_output_block is either unconnected or has no load
WARNING: [Synth 8-7129] Port DOUTA_I[63] in module blk_mem_gen_v8_4_6_blk_mem_output_block is either unconnected or has no load
WARNING: [Synth 8-7129] Port DOUTA_I[62] in module blk_mem_gen_v8_4_6_blk_mem_output_block is either unconnected or has no load
WARNING: [Synth 8-7129] Port DOUTA_I[61] in module blk_mem_gen_v8_4_6_blk_mem_output_block is either unconnected or has no load
WARNING: [Synth 8-7129] Port DOUTA_I[60] in module blk_mem_gen_v8_4_6_blk_mem_output_block is either unconnected or has no load
WARNING: [Synth 8-7129] Port DOUTA_I[59] in module blk_mem_gen_v8_4_6_blk_mem_output_block is either unconnected or has no load
WARNING: [Synth 8-7129] Port DOUTA_I[58] in module blk_mem_gen_v8_4_6_blk_mem_output_block is either unconnected or has no load
WARNING: [Synth 8-7129] Port DOUTA_I[57] in module blk_mem_gen_v8_4_6_blk_mem_output_block is either unconnected or has no load
WARNING: [Synth 8-7129] Port DOUTA_I[56] in module blk_mem_gen_v8_4_6_blk_mem_output_block is either unconnected or has no load
WARNING: [Synth 8-7129] Port DOUTA_I[55] in module blk_mem_gen_v8_4_6_blk_mem_output_block is either unconnected or has no load
WARNING: [Synth 8-7129] Port DOUTA_I[54] in module blk_mem_gen_v8_4_6_blk_mem_output_block is either unconnected or has no load
WARNING: [Synth 8-7129] Port DOUTA_I[53] in module blk_mem_gen_v8_4_6_blk_mem_output_block is either unconnected or has no load
WARNING: [Synth 8-7129] Port DOUTA_I[52] in module blk_mem_gen_v8_4_6_blk_mem_output_block is either unconnected or has no load
INFO: [Common 17-14] Message 'Synth 8-7129' appears 100 times and further instances of the messages will be disabled. Use the Tcl command set_msg_config to change the current settings.
---------------------------------------------------------------------------------
Finished RTL Elaboration : Time (s): cpu = 00:00:46 ; elapsed = 00:00:48 . Memory (MB): peak = 3525.801 ; gain = 865.039
---------------------------------------------------------------------------------
---------------------------------------------------------------------------------
Start Handling Custom Attributes
---------------------------------------------------------------------------------
---------------------------------------------------------------------------------
Finished Handling Custom Attributes : Time (s): cpu = 00:00:46 ; elapsed = 00:00:48 . Memory (MB): peak = 3541.137 ; gain = 880.375
---------------------------------------------------------------------------------
---------------------------------------------------------------------------------
Finished RTL Optimization Phase 1 : Time (s): cpu = 00:00:46 ; elapsed = 00:00:48 . Memory (MB): peak = 3541.137 ; gain = 880.375
---------------------------------------------------------------------------------
Netlist sorting complete. Time (s): cpu = 00:00:00 ; elapsed = 00:00:00.180 . Memory (MB): peak = 3553.227 ; gain = 0.000
INFO: [Netlist 29-17] Analyzing 213 Unisim elements for replacement
INFO: [Netlist 29-28] Unisim Transformation completed in 0 CPU seconds
INFO: [Project 1-570] Preparing netlist for logic optimization

Processing XDC Constraints
Initializing timing engine
Parsing XDC File [e:/Blog/Project/zcu104_ps_pl/ps_pl/ps_pl.gen/sources_1/bd/design_1/ip/design_1_ila_0_0/design_1_ila_0_0_ooc.xdc] for cell 'inst'
Finished Parsing XDC File [e:/Blog/Project/zcu104_ps_pl/ps_pl/ps_pl.gen/sources_1/bd/design_1/ip/design_1_ila_0_0/design_1_ila_0_0_ooc.xdc] for cell 'inst'
Parsing XDC File [e:/Blog/Project/zcu104_ps_pl/ps_pl/ps_pl.gen/sources_1/bd/design_1/ip/design_1_ila_0_0/ila_v6_2/constraints/ila.xdc] for cell 'inst'
Finished Parsing XDC File [e:/Blog/Project/zcu104_ps_pl/ps_pl/ps_pl.gen/sources_1/bd/design_1/ip/design_1_ila_0_0/ila_v6_2/constraints/ila.xdc] for cell 'inst'
Parsing XDC File [E:/Blog/Project/zcu104_ps_pl/ps_pl/ps_pl.runs/design_1_ila_0_0_synth_1/dont_touch.xdc]
Finished Parsing XDC File [E:/Blog/Project/zcu104_ps_pl/ps_pl/ps_pl.runs/design_1_ila_0_0_synth_1/dont_touch.xdc]
Completed Processing XDC Constraints

Netlist sorting complete. Time (s): cpu = 00:00:00 ; elapsed = 00:00:00.004 . Memory (MB): peak = 3664.703 ; gain = 0.000
INFO: [Project 1-111] Unisim Transformation Summary:
  A total of 159 instances were transformed.
  CFGLUT5 => CFGLUT5 (SRL16E, SRLC32E): 140 instances
  CFGLUT5 => SRLC32E: 19 instances

Constraint Validation Runtime : Time (s): cpu = 00:00:01 ; elapsed = 00:00:00.194 . Memory (MB): peak = 3664.703 ; gain = 0.000
INFO: [Designutils 20-5008] Incremental synthesis strategy off
---------------------------------------------------------------------------------
Finished Constraint Validation : Time (s): cpu = 00:01:03 ; elapsed = 00:01:05 . Memory (MB): peak = 3664.703 ; gain = 1003.941
---------------------------------------------------------------------------------
---------------------------------------------------------------------------------
Start Loading Part and Timing Information
---------------------------------------------------------------------------------
Loading part: xczu7ev-ffvc1156-2-e
INFO: [Synth 8-6742] Reading net delay rules and data
---------------------------------------------------------------------------------
Finished Loading Part and Timing Information : Time (s): cpu = 00:01:03 ; elapsed = 00:01:05 . Memory (MB): peak = 3664.703 ; gain = 1003.941
---------------------------------------------------------------------------------
---------------------------------------------------------------------------------
Start Applying 'set_property' XDC Constraints
---------------------------------------------------------------------------------
Applied set_property KEEP_HIERARCHY = SOFT for inst. (constraint file  E:/Blog/Project/zcu104_ps_pl/ps_pl/ps_pl.runs/design_1_ila_0_0_synth_1/dont_touch.xdc, line 9).
---------------------------------------------------------------------------------
Finished applying 'set_property' XDC Constraints : Time (s): cpu = 00:01:03 ; elapsed = 00:01:05 . Memory (MB): peak = 3664.703 ; gain = 1003.941
---------------------------------------------------------------------------------
INFO: [Synth 8-802] inferred FSM for state register 'current_state_reg' in module 'xsdbs_v1_0_2_reg_p2s'
INFO: [Synth 8-802] inferred FSM for state register 'current_state_reg' in module 'xsdbs_v1_0_2_reg_p2s__parameterized0'
INFO: [Synth 8-802] inferred FSM for state register 'current_state_reg' in module 'xsdbs_v1_0_2_reg_p2s__parameterized1'
INFO: [Synth 8-802] inferred FSM for state register 'current_state_reg' in module 'xsdbs_v1_0_2_reg_p2s__parameterized2'
INFO: [Synth 8-802] inferred FSM for state register 'current_state_reg' in module 'xsdbs_v1_0_2_reg_p2s__parameterized3'
INFO: [Synth 8-802] inferred FSM for state register 'current_state_reg' in module 'xsdbs_v1_0_2_reg_p2s__parameterized4'
INFO: [Synth 8-802] inferred FSM for state register 'current_state_reg' in module 'xsdbs_v1_0_2_reg_p2s__parameterized5'
INFO: [Synth 8-802] inferred FSM for state register 'current_state_reg' in module 'xsdbs_v1_0_2_reg_p2s__parameterized6'
INFO: [Synth 8-802] inferred FSM for state register 'current_state_reg' in module 'xsdbs_v1_0_2_reg_p2s__parameterized7'
INFO: [Synth 8-802] inferred FSM for state register 'current_state_reg' in module 'xsdbs_v1_0_2_reg_p2s__parameterized8'
INFO: [Synth 8-802] inferred FSM for state register 'current_state_reg' in module 'xsdbs_v1_0_2_reg_p2s__parameterized9'
INFO: [Synth 8-802] inferred FSM for state register 'current_state_reg' in module 'xsdbs_v1_0_2_reg_p2s__parameterized10'
INFO: [Synth 8-802] inferred FSM for state register 'current_state_reg' in module 'xsdbs_v1_0_2_reg_p2s__parameterized11'
INFO: [Synth 8-802] inferred FSM for state register 'current_state_reg' in module 'xsdbs_v1_0_2_reg_p2s__parameterized12'
INFO: [Synth 8-802] inferred FSM for state register 'current_state_reg' in module 'xsdbs_v1_0_2_reg_p2s__parameterized13'
INFO: [Synth 8-802] inferred FSM for state register 'current_state_reg' in module 'xsdbs_v1_0_2_reg_p2s__parameterized14'
INFO: [Synth 8-802] inferred FSM for state register 'current_state_reg' in module 'xsdbs_v1_0_2_reg_p2s__parameterized15'
INFO: [Synth 8-802] inferred FSM for state register 'current_state_reg' in module 'ltlib_v1_0_0_generic_memrd'
---------------------------------------------------------------------------------------------------
                   State |                     New Encoding |                Previous Encoding 
---------------------------------------------------------------------------------------------------
*
                    IDLE |                             0001 |                             0001
                     REG |                             0010 |                             0010
                     P2S |                             0100 |                             0100
                     S2P |                             1000 |                             1000
---------------------------------------------------------------------------------------------------
INFO: [Synth 8-3898] No Re-encoding of one hot register 'current_state_reg' in module 'xsdbs_v1_0_2_reg_p2s'
---------------------------------------------------------------------------------------------------
                   State |                     New Encoding |                Previous Encoding 
---------------------------------------------------------------------------------------------------
*
                    IDLE |                             0001 |                             0001
                     REG |                             0010 |                             0010
                     P2S |                             0100 |                             0100
                     S2P |                             1000 |                             1000
---------------------------------------------------------------------------------------------------
INFO: [Synth 8-3898] No Re-encoding of one hot register 'current_state_reg' in module 'xsdbs_v1_0_2_reg_p2s__parameterized0'
---------------------------------------------------------------------------------------------------
                   State |                     New Encoding |                Previous Encoding 
---------------------------------------------------------------------------------------------------
*
                    IDLE |                             0001 |                             0001
                     REG |                             0010 |                             0010
                     P2S |                             0100 |                             0100
                     S2P |                             1000 |                             1000
---------------------------------------------------------------------------------------------------
INFO: [Synth 8-3898] No Re-encoding of one hot register 'current_state_reg' in module 'xsdbs_v1_0_2_reg_p2s__parameterized1'
---------------------------------------------------------------------------------------------------
                   State |                     New Encoding |                Previous Encoding 
---------------------------------------------------------------------------------------------------
*
                    IDLE |                             0001 |                             0001
                     REG |                             0010 |                             0010
                     P2S |                             0100 |                             0100
                     S2P |                             1000 |                             1000
---------------------------------------------------------------------------------------------------
INFO: [Synth 8-3898] No Re-encoding of one hot register 'current_state_reg' in module 'xsdbs_v1_0_2_reg_p2s__parameterized2'
---------------------------------------------------------------------------------------------------
                   State |                     New Encoding |                Previous Encoding 
---------------------------------------------------------------------------------------------------
*
                    IDLE |                             0001 |                             0001
                     REG |                             0010 |                             0010
                     P2S |                             0100 |                             0100
                     S2P |                             1000 |                             1000
---------------------------------------------------------------------------------------------------
INFO: [Synth 8-3898] No Re-encoding of one hot register 'current_state_reg' in module 'xsdbs_v1_0_2_reg_p2s__parameterized3'
---------------------------------------------------------------------------------------------------
                   State |                     New Encoding |                Previous Encoding 
---------------------------------------------------------------------------------------------------
*
                    IDLE |                             0001 |                             0001
                     REG |                             0010 |                             0010
                     P2S |                             0100 |                             0100
                     S2P |                             1000 |                             1000
---------------------------------------------------------------------------------------------------
INFO: [Synth 8-3898] No Re-encoding of one hot register 'current_state_reg' in module 'xsdbs_v1_0_2_reg_p2s__parameterized4'
---------------------------------------------------------------------------------------------------
                   State |                     New Encoding |                Previous Encoding 
---------------------------------------------------------------------------------------------------
*
                    IDLE |                             0001 |                             0001
                     REG |                             0010 |                             0010
                     P2S |                             0100 |                             0100
                     S2P |                             1000 |                             1000
---------------------------------------------------------------------------------------------------
INFO: [Synth 8-3898] No Re-encoding of one hot register 'current_state_reg' in module 'xsdbs_v1_0_2_reg_p2s__parameterized5'
---------------------------------------------------------------------------------------------------
                   State |                     New Encoding |                Previous Encoding 
---------------------------------------------------------------------------------------------------
*
                    IDLE |                             0001 |                             0001
                     REG |                             0010 |                             0010
                     P2S |                             0100 |                             0100
                     S2P |                             1000 |                             1000
---------------------------------------------------------------------------------------------------
INFO: [Synth 8-3898] No Re-encoding of one hot register 'current_state_reg' in module 'xsdbs_v1_0_2_reg_p2s__parameterized6'
---------------------------------------------------------------------------------------------------
                   State |                     New Encoding |                Previous Encoding 
---------------------------------------------------------------------------------------------------
*
                    IDLE |                             0001 |                             0001
                     REG |                             0010 |                             0010
                     P2S |                             0100 |                             0100
                     S2P |                             1000 |                             1000
---------------------------------------------------------------------------------------------------
INFO: [Synth 8-3898] No Re-encoding of one hot register 'current_state_reg' in module 'xsdbs_v1_0_2_reg_p2s__parameterized7'
---------------------------------------------------------------------------------------------------
                   State |                     New Encoding |                Previous Encoding 
---------------------------------------------------------------------------------------------------
*
                    IDLE |                             0001 |                             0001
                     REG |                             0010 |                             0010
                     P2S |                             0100 |                             0100
                     S2P |                             1000 |                             1000
---------------------------------------------------------------------------------------------------
INFO: [Synth 8-3898] No Re-encoding of one hot register 'current_state_reg' in module 'xsdbs_v1_0_2_reg_p2s__parameterized8'
---------------------------------------------------------------------------------------------------
                   State |                     New Encoding |                Previous Encoding 
---------------------------------------------------------------------------------------------------
*
                    IDLE |                             0001 |                             0001
                     REG |                             0010 |                             0010
                     P2S |                             0100 |                             0100
                     S2P |                             1000 |                             1000
---------------------------------------------------------------------------------------------------
INFO: [Synth 8-3898] No Re-encoding of one hot register 'current_state_reg' in module 'xsdbs_v1_0_2_reg_p2s__parameterized9'
---------------------------------------------------------------------------------------------------
                   State |                     New Encoding |                Previous Encoding 
---------------------------------------------------------------------------------------------------
*
                    IDLE |                             0001 |                             0001
                     REG |                             0010 |                             0010
                     P2S |                             0100 |                             0100
                     S2P |                             1000 |                             1000
---------------------------------------------------------------------------------------------------
INFO: [Synth 8-3898] No Re-encoding of one hot register 'current_state_reg' in module 'xsdbs_v1_0_2_reg_p2s__parameterized10'
---------------------------------------------------------------------------------------------------
                   State |                     New Encoding |                Previous Encoding 
---------------------------------------------------------------------------------------------------
*
                    IDLE |                             0001 |                             0001
                     REG |                             0010 |                             0010
                     P2S |                             0100 |                             0100
                     S2P |                             1000 |                             1000
---------------------------------------------------------------------------------------------------
INFO: [Synth 8-3898] No Re-encoding of one hot register 'current_state_reg' in module 'xsdbs_v1_0_2_reg_p2s__parameterized11'
---------------------------------------------------------------------------------------------------
                   State |                     New Encoding |                Previous Encoding 
---------------------------------------------------------------------------------------------------
*
                    IDLE |                             0001 |                             0001
                     REG |                             0010 |                             0010
                     P2S |                             0100 |                             0100
                     S2P |                             1000 |                             1000
---------------------------------------------------------------------------------------------------
INFO: [Synth 8-3898] No Re-encoding of one hot register 'current_state_reg' in module 'xsdbs_v1_0_2_reg_p2s__parameterized12'
---------------------------------------------------------------------------------------------------
                   State |                     New Encoding |                Previous Encoding 
---------------------------------------------------------------------------------------------------
*
                    IDLE |                             0001 |                             0001
                     REG |                             0010 |                             0010
                     P2S |                             0100 |                             0100
                     S2P |                             1000 |                             1000
---------------------------------------------------------------------------------------------------
INFO: [Synth 8-3898] No Re-encoding of one hot register 'current_state_reg' in module 'xsdbs_v1_0_2_reg_p2s__parameterized13'
---------------------------------------------------------------------------------------------------
                   State |                     New Encoding |                Previous Encoding 
---------------------------------------------------------------------------------------------------
*
                    IDLE |                             0001 |                             0001
                     REG |                             0010 |                             0010
                     P2S |                             0100 |                             0100
                     S2P |                             1000 |                             1000
---------------------------------------------------------------------------------------------------
INFO: [Synth 8-3898] No Re-encoding of one hot register 'current_state_reg' in module 'xsdbs_v1_0_2_reg_p2s__parameterized14'
---------------------------------------------------------------------------------------------------
                   State |                     New Encoding |                Previous Encoding 
---------------------------------------------------------------------------------------------------
*
                    IDLE |                             0001 |                             0001
                     REG |                             0010 |                             0010
                     P2S |                             0100 |                             0100
                     S2P |                             1000 |                             1000
---------------------------------------------------------------------------------------------------
INFO: [Synth 8-3898] No Re-encoding of one hot register 'current_state_reg' in module 'xsdbs_v1_0_2_reg_p2s__parameterized15'
---------------------------------------------------------------------------------------------------
                   State |                     New Encoding |                Previous Encoding 
---------------------------------------------------------------------------------------------------
*
              RESET_ADDR |                          0000001 |                          0000001
            REQUEST_READ |                          0000010 |                          0000010
           WAIT_READ_ACK |                          0000100 |                          0000100
             OUTPUT_DATA |                          0001000 |                          0001000
                    IDLE |                          0010000 |                          0010000
         INCREMENT_BLOCK |                          0100000 |                          0100000
       INCREMENT_ADDRESS |                          1000000 |                          1000000
---------------------------------------------------------------------------------------------------
INFO: [Synth 8-3898] No Re-encoding of one hot register 'current_state_reg' in module 'ltlib_v1_0_0_generic_memrd'
---------------------------------------------------------------------------------
Finished RTL Optimization Phase 2 : Time (s): cpu = 00:01:06 ; elapsed = 00:01:08 . Memory (MB): peak = 3664.703 ; gain = 1003.941
---------------------------------------------------------------------------------
---------------------------------------------------------------------------------
Start RTL Component Statistics 
---------------------------------------------------------------------------------
---------------------------------------------------------------------------------
Finished RTL Component Statistics 
---------------------------------------------------------------------------------
---------------------------------------------------------------------------------
Start Part Resource Summary
---------------------------------------------------------------------------------
Part Resources:
DSPs: 1728 (col length:144)
BRAMs: 624 (col length: RAMB18 144 RAMB36 72)
---------------------------------------------------------------------------------
Finished Part Resource Summary
---------------------------------------------------------------------------------
---------------------------------------------------------------------------------
Start Cross Boundary and Area Optimization
---------------------------------------------------------------------------------
WARNING: [Synth 8-7080] Parallel synthesis criteria is not met
---------------------------------------------------------------------------------
Finished Cross Boundary and Area Optimization : Time (s): cpu = 00:01:22 ; elapsed = 00:01:24 . Memory (MB): peak = 3664.703 ; gain = 1003.941
---------------------------------------------------------------------------------
---------------------------------------------------------------------------------
Start Applying XDC Timing Constraints
---------------------------------------------------------------------------------
---------------------------------------------------------------------------------
Finished Applying XDC Timing Constraints : Time (s): cpu = 00:01:40 ; elapsed = 00:01:43 . Memory (MB): peak = 3775.031 ; gain = 1114.270
---------------------------------------------------------------------------------
---------------------------------------------------------------------------------
Start Timing Optimization
---------------------------------------------------------------------------------
---------------------------------------------------------------------------------
Finished Timing Optimization : Time (s): cpu = 00:01:41 ; elapsed = 00:01:44 . Memory (MB): peak = 3809.004 ; gain = 1148.242
---------------------------------------------------------------------------------
---------------------------------------------------------------------------------
Start Technology Mapping
---------------------------------------------------------------------------------
---------------------------------------------------------------------------------
Finished Technology Mapping : Time (s): cpu = 00:01:42 ; elapsed = 00:01:46 . Memory (MB): peak = 3811.770 ; gain = 1151.008
---------------------------------------------------------------------------------
---------------------------------------------------------------------------------
Start IO Insertion
---------------------------------------------------------------------------------
---------------------------------------------------------------------------------
Start Flattening Before IO Insertion
---------------------------------------------------------------------------------
---------------------------------------------------------------------------------
Finished Flattening Before IO Insertion
---------------------------------------------------------------------------------
---------------------------------------------------------------------------------
Start Final Netlist Cleanup
---------------------------------------------------------------------------------
---------------------------------------------------------------------------------
Finished Final Netlist Cleanup
---------------------------------------------------------------------------------
INFO: [Synth 8-3295] tying undriven pin dummy_inferred:in0 to constant 0
INFO: [Synth 8-3295] tying undriven pin inst:sl_iport0[36] to constant 0
INFO: [Synth 8-3295] tying undriven pin inst:sl_iport0[35] to constant 0
INFO: [Synth 8-3295] tying undriven pin inst:sl_iport0[34] to constant 0
INFO: [Synth 8-3295] tying undriven pin inst:sl_iport0[33] to constant 0
INFO: [Synth 8-3295] tying undriven pin inst:sl_iport0[32] to constant 0
INFO: [Synth 8-3295] tying undriven pin inst:sl_iport0[31] to constant 0
INFO: [Synth 8-3295] tying undriven pin inst:sl_iport0[30] to constant 0
INFO: [Synth 8-3295] tying undriven pin inst:sl_iport0[29] to constant 0
INFO: [Synth 8-3295] tying undriven pin inst:sl_iport0[28] to constant 0
INFO: [Synth 8-3295] tying undriven pin inst:sl_iport0[27] to constant 0
INFO: [Synth 8-3295] tying undriven pin inst:sl_iport0[26] to constant 0
INFO: [Synth 8-3295] tying undriven pin inst:sl_iport0[25] to constant 0
INFO: [Synth 8-3295] tying undriven pin inst:sl_iport0[24] to constant 0
INFO: [Synth 8-3295] tying undriven pin inst:sl_iport0[23] to constant 0
INFO: [Synth 8-3295] tying undriven pin inst:sl_iport0[22] to constant 0
INFO: [Synth 8-3295] tying undriven pin inst:sl_iport0[21] to constant 0
INFO: [Synth 8-3295] tying undriven pin inst:sl_iport0[20] to constant 0
INFO: [Synth 8-3295] tying undriven pin inst:sl_iport0[19] to constant 0
INFO: [Synth 8-3295] tying undriven pin inst:sl_iport0[18] to constant 0
INFO: [Synth 8-3295] tying undriven pin inst:sl_iport0[17] to constant 0
INFO: [Synth 8-3295] tying undriven pin inst:sl_iport0[16] to constant 0
INFO: [Synth 8-3295] tying undriven pin inst:sl_iport0[15] to constant 0
INFO: [Synth 8-3295] tying undriven pin inst:sl_iport0[14] to constant 0
INFO: [Synth 8-3295] tying undriven pin inst:sl_iport0[13] to constant 0
INFO: [Synth 8-3295] tying undriven pin inst:sl_iport0[12] to constant 0
INFO: [Synth 8-3295] tying undriven pin inst:sl_iport0[11] to constant 0
INFO: [Synth 8-3295] tying undriven pin inst:sl_iport0[10] to constant 0
INFO: [Synth 8-3295] tying undriven pin inst:sl_iport0[9] to constant 0
INFO: [Synth 8-3295] tying undriven pin inst:sl_iport0[8] to constant 0
INFO: [Synth 8-3295] tying undriven pin inst:sl_iport0[7] to constant 0
INFO: [Synth 8-3295] tying undriven pin inst:sl_iport0[6] to constant 0
INFO: [Synth 8-3295] tying undriven pin inst:sl_iport0[5] to constant 0
INFO: [Synth 8-3295] tying undriven pin inst:sl_iport0[4] to constant 0
INFO: [Synth 8-3295] tying undriven pin inst:sl_iport0[3] to constant 0
INFO: [Synth 8-3295] tying undriven pin inst:sl_iport0[2] to constant 0
INFO: [Synth 8-3295] tying undriven pin inst:sl_iport0[1] to constant 0
INFO: [Synth 8-3295] tying undriven pin inst:sl_iport0[0] to constant 0
INFO: [Synth 8-3295] tying undriven pin inst:trig_in to constant 0
INFO: [Synth 8-3295] tying undriven pin inst:trig_out_ack to constant 0
---------------------------------------------------------------------------------
Finished IO Insertion : Time (s): cpu = 00:01:47 ; elapsed = 00:01:50 . Memory (MB): peak = 3824.359 ; gain = 1163.598
---------------------------------------------------------------------------------
---------------------------------------------------------------------------------
Start Renaming Generated Instances
---------------------------------------------------------------------------------
---------------------------------------------------------------------------------
Finished Renaming Generated Instances : Time (s): cpu = 00:01:47 ; elapsed = 00:01:50 . Memory (MB): peak = 3824.359 ; gain = 1163.598
---------------------------------------------------------------------------------
---------------------------------------------------------------------------------
Start Rebuilding User Hierarchy
---------------------------------------------------------------------------------
---------------------------------------------------------------------------------
Finished Rebuilding User Hierarchy : Time (s): cpu = 00:01:47 ; elapsed = 00:01:50 . Memory (MB): peak = 3824.359 ; gain = 1163.598
---------------------------------------------------------------------------------
---------------------------------------------------------------------------------
Start Renaming Generated Ports
---------------------------------------------------------------------------------
---------------------------------------------------------------------------------
Finished Renaming Generated Ports : Time (s): cpu = 00:01:47 ; elapsed = 00:01:50 . Memory (MB): peak = 3824.359 ; gain = 1163.598
---------------------------------------------------------------------------------
---------------------------------------------------------------------------------
Start Handling Custom Attributes
---------------------------------------------------------------------------------
---------------------------------------------------------------------------------
Finished Handling Custom Attributes : Time (s): cpu = 00:01:47 ; elapsed = 00:01:50 . Memory (MB): peak = 3824.359 ; gain = 1163.598
---------------------------------------------------------------------------------
---------------------------------------------------------------------------------
Start Renaming Generated Nets
---------------------------------------------------------------------------------
---------------------------------------------------------------------------------
Finished Renaming Generated Nets : Time (s): cpu = 00:01:47 ; elapsed = 00:01:50 . Memory (MB): peak = 3824.359 ; gain = 1163.598
---------------------------------------------------------------------------------
---------------------------------------------------------------------------------
Start Writing Synthesis Report
---------------------------------------------------------------------------------

Report BlackBoxes: 
+-+--------------+----------+
| |BlackBox name |Instances |
+-+--------------+----------+
+-+--------------+----------+

Report Cell Usage: 
+------+---------+------+
|      |Cell     |Count |
+------+---------+------+
|1     |CARRY4   |    54|
|2     |CFGLUT5  |   159|
|3     |LUT1     |    44|
|4     |LUT2     |   188|
|5     |LUT3     |   130|
|6     |LUT4     |   201|
|7     |LUT5     |   136|
|8     |LUT6     |   741|
|9     |MUXF7    |     4|
|10    |RAMB18E2 |     1|
|11    |RAMB36E2 |     8|
|12    |SRL16E   |   154|
|13    |SRLC16E  |     2|
|14    |SRLC32E  |    17|
|15    |FDRE     |  2324|
|16    |FDSE     |    10|
+------+---------+------+
---------------------------------------------------------------------------------
Finished Writing Synthesis Report : Time (s): cpu = 00:01:47 ; elapsed = 00:01:50 . Memory (MB): peak = 3824.359 ; gain = 1163.598
---------------------------------------------------------------------------------
Synthesis finished with 0 errors, 0 critical warnings and 3566 warnings.
Synthesis Optimization Runtime : Time (s): cpu = 00:00:50 ; elapsed = 00:01:40 . Memory (MB): peak = 3824.359 ; gain = 1040.031
Synthesis Optimization Complete : Time (s): cpu = 00:01:47 ; elapsed = 00:01:50 . Memory (MB): peak = 3824.359 ; gain = 1163.598
INFO: [Project 1-571] Translating synthesized netlist
Netlist sorting complete. Time (s): cpu = 00:00:00 ; elapsed = 00:00:00.090 . Memory (MB): peak = 3824.359 ; gain = 0.000
INFO: [Netlist 29-17] Analyzing 217 Unisim elements for replacement
INFO: [Netlist 29-28] Unisim Transformation completed in 0 CPU seconds
INFO: [Project 1-570] Preparing netlist for logic optimization
INFO: [Opt 31-138] Pushed 0 inverter(s) to 0 load pin(s).
Netlist sorting complete. Time (s): cpu = 00:00:00 ; elapsed = 00:00:00.002 . Memory (MB): peak = 3863.562 ; gain = 0.000
INFO: [Project 1-111] Unisim Transformation Summary:
  A total of 190 instances were transformed.
  (CARRY4) => CARRY8: 31 instances
  CFGLUT5 => CFGLUT5 (SRL16E, SRLC32E): 140 instances
  CFGLUT5 => SRLC32E: 19 instances

Synth Design complete | Checksum: 55509dd6
INFO: [Common 17-83] Releasing license: Synthesis
214 Infos, 119 Warnings, 0 Critical Warnings and 0 Errors encountered.
synth_design completed successfully
synth_design: Time (s): cpu = 00:01:57 ; elapsed = 00:02:01 . Memory (MB): peak = 3863.562 ; gain = 2311.270
INFO: [Common 17-600] The following parameters have non-default value.
tcl.collectionResultDisplayLimit
INFO: [Common 17-1381] The checkpoint 'E:/Blog/Project/zcu104_ps_pl/ps_pl/ps_pl.runs/design_1_ila_0_0_synth_1/design_1_ila_0_0.dcp' has been generated.
INFO: [Coretcl 2-1648] Added synthesis output to IP cache for IP design_1_ila_0_0, cache-ID = fa7976f22e00d5c0
INFO: [Coretcl 2-1174] Renamed 202 cell refs.
INFO: [Common 17-1381] The checkpoint 'E:/Blog/Project/zcu104_ps_pl/ps_pl/ps_pl.runs/design_1_ila_0_0_synth_1/design_1_ila_0_0.dcp' has been generated.
INFO: [runtcl-4] Executing : report_utilization -file design_1_ila_0_0_utilization_synth.rpt -pb design_1_ila_0_0_utilization_synth.pb
INFO: [Common 17-206] Exiting Vivado at Fri Nov  3 16:11:38 2023...
