Copyright 1986-2022 Xilinx, Inc. All Rights Reserved. Copyright 2022-2023 Advanced Micro Devices, Inc. All Rights Reserved.
---------------------------------------------------------------------------------------------------------------------------------------------
| Tool Version : Vivado v.2023.1 (win64) Build 3865809 Sun May  7 15:05:29 MDT 2023
| Date         : Sun Nov  5 11:31:38 2023
| Host         : DESKTOP-CB9FMLM running 64-bit major release  (build 9200)
| Command      : upgrade_ip
| Device       : xczu7ev-ffvc1156-2-e
---------------------------------------------------------------------------------------------------------------------------------------------

Upgrade Log for IP 'design_1_dut_0_0'

1. Summary
----------

SUCCESS in the upgrade of design_1_dut_0_0 (xilinx.com:user:dut:1.0) from (Rev. 5) to (Rev. 6)






Copyright 1986-2022 Xilinx, Inc. All Rights Reserved. Copyright 2022-2023 Advanced Micro Devices, Inc. All Rights Reserved.
---------------------------------------------------------------------------------------------------------------------------------------------
| Tool Version : Vivado v.2023.1 (win64) Build 3865809 Sun May  7 15:05:29 MDT 2023
| Date         : Fri Nov  3 15:14:43 2023
| Host         : DESKTOP-CB9FMLM running 64-bit major release  (build 9200)
| Command      : upgrade_ip
| Device       : xczu7ev-ffvc1156-2-e
---------------------------------------------------------------------------------------------------------------------------------------------

Upgrade Log for IP 'design_1_dut_0_0'

1. Summary
----------

SUCCESS in the upgrade of design_1_dut_0_0 (xilinx.com:user:dut:1.0) from (Rev. 4) to (Rev. 5)






Copyright 1986-2022 Xilinx, Inc. All Rights Reserved. Copyright 2022-2023 Advanced Micro Devices, Inc. All Rights Reserved.
---------------------------------------------------------------------------------------------------------------------------------------------
| Tool Version : Vivado v.2023.1 (win64) Build 3865809 Sun May  7 15:05:29 MDT 2023
| Date         : Fri Nov  3 15:14:43 2023
| Host         : DESKTOP-CB9FMLM running 64-bit major release  (build 9200)
| Command      : upgrade_ip
| Device       : xczu7ev-ffvc1156-2-e
---------------------------------------------------------------------------------------------------------------------------------------------

Upgrade Log for IP 'design_1_controller_0_0'

1. Summary
----------

SUCCESS in the upgrade of design_1_controller_0_0 (xilinx.com:user:controller:1.0) from (Rev. 4) to (Rev. 5)






Copyright 1986-2022 Xilinx, Inc. All Rights Reserved. Copyright 2022-2023 Advanced Micro Devices, Inc. All Rights Reserved.
---------------------------------------------------------------------------------------------------------------------------------------------
| Tool Version : Vivado v.2023.1 (win64) Build 3865809 Sun May  7 15:05:29 MDT 2023
| Date         : Fri Nov  3 14:09:25 2023
| Host         : DESKTOP-CB9FMLM running 64-bit major release  (build 9200)
| Command      : upgrade_ip
| Device       : xczu7ev-ffvc1156-2-e
---------------------------------------------------------------------------------------------------------------------------------------------

Upgrade Log for IP 'design_1_dut_0_0'

1. Summary
----------

CAUTION (success, with warnings) in the upgrade of design_1_dut_0_0 (xilinx.com:user:dut:1.0) from (Rev. 3) to (Rev. 4)

After upgrade, an IP may have parameter and port differences compared to the original customization. Please review the parameters within the IP customization GUI to ensure proper functionality. Also, please review the updated IP instantiation template to ensure proper connectivity, and update your design if required.

2. Connection Warnings
----------------------

Detected external port differences while upgrading 'design_1_dut_0_0'. These changes may impact your design.


-Upgrade has added port 'mnt_cnt_dut'

-Upgrade has added port 'mnt_fsm_state_dut'







Copyright 1986-2022 Xilinx, Inc. All Rights Reserved. Copyright 2022-2023 Advanced Micro Devices, Inc. All Rights Reserved.
---------------------------------------------------------------------------------------------------------------------------------------------
| Tool Version : Vivado v.2023.1 (win64) Build 3865809 Sun May  7 15:05:29 MDT 2023
| Date         : Fri Nov  3 13:12:13 2023
| Host         : DESKTOP-CB9FMLM running 64-bit major release  (build 9200)
| Command      : upgrade_ip
| Device       : xczu7ev-ffvc1156-2-e
---------------------------------------------------------------------------------------------------------------------------------------------

Upgrade Log for IP 'design_1_controller_0_0'

1. Summary
----------

CAUTION (success, with warnings) in the upgrade of design_1_controller_0_0 (xilinx.com:user:controller:1.0) from (Rev. 3) to (Rev. 4)

After upgrade, an IP may have parameter and port differences compared to the original customization. Please review the parameters within the IP customization GUI to ensure proper functionality. Also, please review the updated IP instantiation template to ensure proper connectivity, and update your design if required.

2. Connection Warnings
----------------------

Detected external port differences while upgrading 'design_1_controller_0_0'. These changes may impact your design.


-Upgrade has added port 'mnt_FSM_state'

-Upgrade has added port 'mnt_enable'

-Upgrade has added port 'mnt_slv_reg0_bit0'







Copyright 1986-2022 Xilinx, Inc. All Rights Reserved. Copyright 2022-2023 Advanced Micro Devices, Inc. All Rights Reserved.
---------------------------------------------------------------------------------------------------------------------------------------------
| Tool Version : Vivado v.2023.1 (win64) Build 3865809 Sun May  7 15:05:29 MDT 2023
| Date         : Sat Oct 21 18:13:25 2023
| Host         : DESKTOP-CB9FMLM running 64-bit major release  (build 9200)
| Command      : upgrade_ip
| Device       : xczu7ev-ffvc1156-2-e
---------------------------------------------------------------------------------------------------------------------------------------------

Upgrade Log for IP 'design_1_dut_0_0'

1. Summary
----------

SUCCESS in the upgrade of design_1_dut_0_0 (xilinx.com:user:dut:1.0) from (Rev. 2) to (Rev. 3)

